<?xml version="1.0" encoding="UTF-8"?>
<!-- Generated by org.testng.reporters.JUnitReportReporter -->
<testsuite skipped="0" hostname="sbcomputers-PC" name="Project.SIM.log.TC001login" tests="1" failures="0" timestamp="19 Jul 2018 07:37:07 GMT" time="15.402" errors="0">
  <testcase name="log" time="15.402" classname="Project.SIM.log.TC001login"/>
</testsuite> <!-- Project.SIM.log.TC001login -->
